<?xml version="1.0" encoding="utf-8" standalone="no"?>
<!--This file represents the results of running a test suite-->
<test-results name="C:\Users\bonattt\Documents\School\3 spring Sophomore\CSSE 376 - SQA\Project\DominionGame\DominionGUI\DominionCards\bin\Debug\DominionCards.dll" total="3" errors="0" failures="0" not-run="0" inconclusive="0" ignored="0" skipped="0" invalid="0" date="2015-03-31" time="23:10:01">
  <environment nunit-version="2.6.4.14350" clr-version="2.0.50727.5485" os-version="Microsoft Windows NT 6.1.7601 Service Pack 1" platform="Win32NT" cwd="C:\Program Files (x86)\NUnit 2.6.4\bin" machine-name="BONATTT-1" user="bonattt" user-domain="BONATTT-1" />
  <culture-info current-culture="en-US" current-uiculture="en-US" />
  <test-suite type="Assembly" name="C:\Users\bonattt\Documents\School\3 spring Sophomore\CSSE 376 - SQA\Project\DominionGame\DominionGUI\DominionCards\bin\Debug\DominionCards.dll" executed="True" result="Success" success="True" time="0.186" asserts="0">
    <results>
      <test-suite type="Namespace" name="DominionCards" executed="True" result="Success" success="True" time="0.143" asserts="0">
        <results>
          <test-suite type="TestFixture" name="CardTEST" executed="True" result="Success" success="True" time="0.137" asserts="0">
            <results>
              <test-case name="DominionCards.CardTEST.testGetPriceActionCard" executed="True" result="Success" success="True" time="0.088" asserts="1" />
              <test-case name="DominionCards.CardTEST.testGetPriceTreasureCard" executed="True" result="Success" success="True" time="0.001" asserts="1" />
              <test-case name="DominionCards.CardTEST.testGetPriceVictoryCard" executed="True" result="Success" success="True" time="0.001" asserts="1" />
            </results>
          </test-suite>
        </results>
      </test-suite>
    </results>
  </test-suite>
</test-results>