<?xml version="1.0" encoding="utf-8" standalone="no"?>
<!--This file represents the results of running a test suite-->
<test-results name="C:\Users\bonattt\Documents\School\3 spring Sophomore\CSSE 376 - SQA\Project\DominionGame\DominionGUI\DominionCards\bin\Debug\DominionCards.dll" total="1" errors="0" failures="1" not-run="0" inconclusive="0" ignored="0" skipped="0" invalid="0" date="2015-03-31" time="22:34:33">
  <environment nunit-version="2.6.4.14350" clr-version="2.0.50727.5485" os-version="Microsoft Windows NT 6.1.7601 Service Pack 1" platform="Win32NT" cwd="C:\Program Files (x86)\NUnit 2.6.4\bin" machine-name="BONATTT-1" user="bonattt" user-domain="BONATTT-1" />
  <culture-info current-culture="en-US" current-uiculture="en-US" />
  <test-suite type="Assembly" name="C:\Users\bonattt\Documents\School\3 spring Sophomore\CSSE 376 - SQA\Project\DominionGame\DominionGUI\DominionCards\bin\Debug\DominionCards.dll" executed="True" result="Failure" success="False" time="0.403" asserts="0">
    <results>
      <test-suite type="Namespace" name="DominionCards" executed="True" result="Failure" success="False" time="0.345" asserts="0">
        <results>
          <test-suite type="TestFixture" name="CardTEST" executed="True" result="Failure" success="False" time="0.339" asserts="0">
            <results>
              <test-case name="DominionCards.CardTEST.test1" executed="True" result="Failure" success="False" time="0.307" asserts="0">
                <failure>
                  <message><![CDATA[]]></message>
                  <stack-trace><![CDATA[at DominionCards.CardTEST.test1() in c:\Users\bonattt\Documents\School\3 spring Sophomore\CSSE 376 - SQA\Project\DominionGame\DominionGUI\DominionCards\CardTEST.cs:line 16
]]></stack-trace>
                </failure>
              </test-case>
            </results>
          </test-suite>
        </results>
      </test-suite>
    </results>
  </test-suite>
</test-results>