<?xml version="1.0" encoding="utf-8" standalone="no"?>
<!--This file represents the results of running a test suite-->
<test-results name="H:\CSSE376\GithubProject\DominionGame\DominionGUI\UnitTestProject1\bin\Debug\DominionGUI.exe" total="0" errors="0" failures="0" not-run="0" inconclusive="0" ignored="0" skipped="0" invalid="0" date="2015-03-26" time="19:06:51">
  <environment nunit-version="2.6.4.14350" clr-version="2.0.50727.5483" os-version="Microsoft Windows NT 6.1.7601 Service Pack 1" platform="Win32NT" cwd="C:\Program Files (x86)\NUnit 2.6.4\bin" machine-name="LUKE-PC" user="Luke" user-domain="Luke-PC" />
  <culture-info current-culture="en-US" current-uiculture="en-US" />
  <test-suite type="Assembly" name="H:\CSSE376\GithubProject\DominionGame\DominionGUI\UnitTestProject1\bin\Debug\DominionGUI.exe" executed="True" result="Inconclusive" success="False" time="0.000" asserts="0" />
</test-results>